2023.06.27 18:28:14 INFO  Started: Metals version 0.11.12 in workspace '/home/chad/laravel-workspace/safetyapp_web' for client Visual Studio Code 1.79.2.
Jun 27, 2023 6:28:14 PM org.flywaydb.core.internal.license.VersionPrinter printVersionOnly
INFO: Flyway Community Edition 9.16.3 by Redgate
Jun 27, 2023 6:28:14 PM org.flywaydb.core.internal.license.VersionPrinter printVersion
INFO: See release notes here: https://rd.gt/416ObMi
Jun 27, 2023 6:28:14 PM org.flywaydb.core.internal.license.VersionPrinter printVersion
INFO: 
Jun 27, 2023 6:28:14 PM org.flywaydb.core.internal.database.base.BaseDatabaseType createDatabase
INFO: Database: jdbc:h2:file:/home/chad/laravel-workspace/safetyapp_web/.metals/metals (H2 2.1)
Jun 27, 2023 6:28:14 PM org.flywaydb.core.internal.schemahistory.JdbcTableSchemaHistory allAppliedMigrations
INFO: Schema history table "PUBLIC"."flyway_schema_history" does not exist yet
Jun 27, 2023 6:28:14 PM org.flywaydb.core.internal.command.DbValidate validate
INFO: Successfully validated 4 migrations (execution time 00:00.019s)
Jun 27, 2023 6:28:14 PM org.flywaydb.core.internal.schemahistory.JdbcTableSchemaHistory create
INFO: Creating Schema History table "PUBLIC"."flyway_schema_history" ...
Jun 27, 2023 6:28:14 PM org.flywaydb.core.internal.command.DbMigrate migrateGroup
INFO: Current version of schema "PUBLIC": << Empty Schema >>
Jun 27, 2023 6:28:14 PM org.flywaydb.core.internal.command.DbMigrate doMigrateGroup
INFO: Migrating schema "PUBLIC" to version "1 - Create tables"
Jun 27, 2023 6:28:14 PM org.flywaydb.core.internal.command.DbMigrate doMigrateGroup
INFO: Migrating schema "PUBLIC" to version "2 - Server discovery"
Jun 27, 2023 6:28:14 PM org.flywaydb.core.internal.command.DbMigrate doMigrateGroup
INFO: Migrating schema "PUBLIC" to version "3 - Jar symbols"
Jun 27, 2023 6:28:15 PM org.flywaydb.core.internal.command.DbMigrate doMigrateGroup
INFO: Migrating schema "PUBLIC" to version "4 - Fingerprints"
Jun 27, 2023 6:28:15 PM org.flywaydb.core.internal.command.DbMigrate logSummary
INFO: Successfully applied 4 migrations to schema "PUBLIC", now at version v4 (execution time 00:00.092s)
2023.06.27 18:28:15 INFO  time: initialize in 1.04s
2023.06.27 18:28:17 WARN  Build server is not auto-connectable.
2023.06.27 18:28:17 WARN  no build tool detected in workspace '/home/chad/laravel-workspace/safetyapp_web'. The most common cause for this problem is that the editor was opened in the wrong working directory, for example if you use sbt then the workspace directory should contain build.sbt. 
2023.06.27 22:53:49 INFO  Shutting down server
2023.06.27 22:53:49 INFO  shutting down Metals
2023.06.27 22:53:50 INFO  Exiting server
